<?xml version="1.0" encoding="UTF-8"?>
<!-- Generated by org.testng.reporters.JUnitReportReporter -->
<testsuite hostname="AdeshBarbade" failures="0" tests="1" name="comTest.LoginTest" time="12.879" errors="0" timestamp="28 Oct 2022 06:02:23 GMT" skipped="0">
  <testcase classname="comTest.LoginTest" name="loginTest" time="12.879"/>
</testsuite> <!-- comTest.LoginTest -->
