<?xml version="1.0" encoding="UTF-8"?>
<!-- Generated by org.testng.reporters.JUnitReportReporter -->
<testsuite hostname="DESKTOP-0HJJQ6S" failures="0" tests="1" name="LoginTest" time="12.026" errors="0" timestamp="2022-09-25T08:03:25 IST" skipped="0">
  <testcase classname="LoginTest" name="loginTest" time="12.026"/>
  <system-out/>
</testsuite> <!-- LoginTest -->
